Using pre-set license
Built from '2021.1/staging' branch; Version is '2021.1.18f1 (25bdc3efbc2d) revision 2473411'; Using compiler version '192528614'; Build Type 'Release'
OS: 'Windows 10 Pro; OS build 19043.1165; Version 2009; 64bit' Language: 'es' Physical Memory: 8077 MB
BatchMode: 1, IsHumanControllingUs: 0, StartBugReporterOnCrash: 0, Is64bit: 1, IsPro: 0

COMMAND LINE ARGUMENTS:
C:\Program Files\Unity\Hub\Editor\2021.1.18f1\Editor\Unity.exe
-adb2
-batchMode
-noUpm
-name
AssetImportWorker0
-projectPath
C:/repositorios/Simulacion/Unity/Proyecto_Simulacion
-logFile
Logs/AssetImportWorker0.log
-srvPort
59250
Successfully changed project path to: C:/repositorios/Simulacion/Unity/Proyecto_Simulacion
C:/repositorios/Simulacion/Unity/Proyecto_Simulacion
Using Asset Import Pipeline V2.
Refreshing native plugins compatible for Editor in 154.76 ms, found 4 plugins.
Preloading 0 native plugins for Editor in 0.00 ms.
Initialize engine version: 2021.1.18f1 (25bdc3efbc2d)
[Subsystems] Discovering subsystems at path C:/Program Files/Unity/Hub/Editor/2021.1.18f1/Editor/Data/Resources/UnitySubsystems
[Subsystems] Discovering subsystems at path C:/repositorios/Simulacion/Unity/Proyecto_Simulacion/Assets
GfxDevice: creating device client; threaded=0; jobified=0
Direct3D:
    Version:  Direct3D 11.0 [level 11.1]
    Renderer: Intel(R) HD Graphics 620 (ID=0x5916)
    Vendor:   Intel
    VRAM:     4038 MB
    Driver:   27.20.100.8681
Initialize mono
Mono path[0] = 'C:/Program Files/Unity/Hub/Editor/2021.1.18f1/Editor/Data/Managed'
Mono path[1] = 'C:/Program Files/Unity/Hub/Editor/2021.1.18f1/Editor/Data/MonoBleedingEdge/lib/mono/unityjit'
Mono config path = 'C:/Program Files/Unity/Hub/Editor/2021.1.18f1/Editor/Data/MonoBleedingEdge/etc'
Using monoOptions --debugger-agent=transport=dt_socket,embedding=1,server=y,suspend=n,address=127.0.0.1:56964
Begin MonoManager ReloadAssembly
Registering precompiled unity dll's ...
Register platform support module: C:/Program Files/Unity/Hub/Editor/2021.1.18f1/Editor/Data/PlaybackEngines/WindowsStandaloneSupport/UnityEditor.WindowsStandalone.Extensions.dll
Registered in 0.003155 seconds.
Native extension for WindowsStandalone target not found
Refreshing native plugins compatible for Editor in 145.15 ms, found 4 plugins.
Preloading 0 native plugins for Editor in 0.00 ms.
Mono: successfully reloaded assembly
- Completed reload, in  2.180 seconds
Domain Reload Profiling:
	ReloadAssembly (2180ms)
		BeginReloadAssembly (84ms)
			ExecutionOrderSort (0ms)
			DisableScriptedObjects (0ms)
			BackupInstance (0ms)
			ReleaseScriptingObjects (0ms)
			CreateAndSetChildDomain (1ms)
		EndReloadAssembly (634ms)
			LoadAssemblies (82ms)
			RebuildTransferFunctionScriptingTraits (0ms)
			SetupTypeCache (211ms)
			ReleaseScriptCaches (0ms)
			RebuildScriptCaches (39ms)
			SetupLoadedEditorAssemblies (321ms)
				LogAssemblyErrors (0ms)
				InitializePlatformSupportModulesInManaged (8ms)
				SetLoadedEditorAssemblies (0ms)
				RefreshPlugins (145ms)
				BeforeProcessingInitializeOnLoad (2ms)
				ProcessInitializeOnLoadAttributes (123ms)
				ProcessInitializeOnLoadMethodAttributes (43ms)
				AfterProcessingInitializeOnLoad (0ms)
				EditorAssembliesLoaded (0ms)
			ExecutionOrderSort2 (0ms)
			AwakeInstancesAfterBackupRestoration (0ms)
Platform modules already initialized, skipping
Registering precompiled user dll's ...
Registered in 0.009418 seconds.
Begin MonoManager ReloadAssembly
Symbol file LoadedFromMemory doesn't match image C:\repositorios\Simulacion\Unity\Proyecto_Simulacion\Library\PackageCache\com.unity.visualscripting@1.6.1\Editor\VisualScripting.Core\Dependencies\YamlDotNet\Unity.VisualScripting.YamlDotNet.dll
Symbol file LoadedFromMemory doesn't match image C:\repositorios\Simulacion\Unity\Proyecto_Simulacion\Library\PackageCache\com.unity.visualscripting@1.6.1\Editor\VisualScripting.Core\Dependencies\DotNetZip\Unity.VisualScripting.IonicZip.dll
Native extension for WindowsStandalone target not found
Refreshing native plugins compatible for Editor in 198.69 ms, found 4 plugins.
Preloading 0 native plugins for Editor in 0.00 ms.
Mono: successfully reloaded assembly
- Completed reload, in  2.200 seconds
Domain Reload Profiling:
	ReloadAssembly (2201ms)
		BeginReloadAssembly (199ms)
			ExecutionOrderSort (0ms)
			DisableScriptedObjects (6ms)
			BackupInstance (0ms)
			ReleaseScriptingObjects (0ms)
			CreateAndSetChildDomain (25ms)
		EndReloadAssembly (1920ms)
			LoadAssemblies (129ms)
			RebuildTransferFunctionScriptingTraits (0ms)
			SetupTypeCache (521ms)
			ReleaseScriptCaches (1ms)
			RebuildScriptCaches (68ms)
			SetupLoadedEditorAssemblies (1031ms)
				LogAssemblyErrors (0ms)
				InitializePlatformSupportModulesInManaged (5ms)
				SetLoadedEditorAssemblies (0ms)
				RefreshPlugins (199ms)
				BeforeProcessingInitializeOnLoad (165ms)
				ProcessInitializeOnLoadAttributes (614ms)
				ProcessInitializeOnLoadMethodAttributes (33ms)
				AfterProcessingInitializeOnLoad (14ms)
				EditorAssembliesLoaded (0ms)
			ExecutionOrderSort2 (0ms)
			AwakeInstancesAfterBackupRestoration (21ms)
Platform modules already initialized, skipping
========================================================================
Worker process is ready to serve import requests
Launched and connected shader compiler UnityShaderCompiler.exe after 0.18 seconds
Refreshing native plugins compatible for Editor in 0.88 ms, found 4 plugins.
Preloading 0 native plugins for Editor in 0.00 ms.
Unloading 3676 Unused Serialized files (Serialized files now loaded: 0)
System memory in use before: 136.4 MB.
System memory in use after: 136.6 MB.

Unloading 32 unused Assets to reduce memory usage. Loaded Objects now: 4124.
Total: 4.459200 ms (FindLiveObjects: 0.324400 ms CreateObjectMapping: 0.233500 ms MarkObjects: 3.822500 ms  DeleteObjects: 0.077300 ms)

AssetImportParameters requested are different than current active one (requested -> active):
  custom:framework-win-MediaFoundation: 216162199b28c13a410421893ffa2e32 -> 
  custom:video-decoder-ogg-theora: a1e56fd34408186e4bbccfd4996cb3dc -> 
  custom:container-muxer-webm: aa71ff27fc2769a1b78a27578f13a17b -> 
  custom:container-demuxer-webm: 4f35f7cbe854078d1ac9338744f61a02 -> 
  custom:container-demuxer-ogg: 62fdf1f143b41e24485cea50d1cbac27 -> 
  custom:video-encoder-webm-vp8: eb34c28f22e8b96e1ab97ce403110664 -> 
  custom:video-decoder-webm-vp8: 9c59270c3fd7afecdb556c50c9e8de78 -> 
  custom:audio-decoder-ogg-vorbis: bf7c407c2cedff20999df2af8eb42d56 -> 
  custom:audio-encoder-webm-vorbis: bf7c407c2cedff20999df2af8eb42d56 -> 
========================================================================
Received Import Request.
  path: Assets/Sprites/Sprites/o.png
  artifactKey: Guid(0591824a9418d4141b3493f3963d22a4) Importer(815301076,1909f56bfc062723c751e8b465ee728b)
Start importing Assets/Sprites/Sprites/o.png using Guid(0591824a9418d4141b3493f3963d22a4) Importer(815301076,1909f56bfc062723c751e8b465ee728b)  -> (artifact id: '6c26a6e894aab22b500837a5396ada57') in 0.296568 seconds 
========================================================================
Received Import Request.
  Time since last request: 1308.217063 seconds.
  path: Assets/Sprites/Sprites/jeringa.gif
  artifactKey: Guid(1a59af861057f0047aadd8305bc1fda4) Importer(815301076,1909f56bfc062723c751e8b465ee728b)
Start importing Assets/Sprites/Sprites/jeringa.gif using Guid(1a59af861057f0047aadd8305bc1fda4) Importer(815301076,1909f56bfc062723c751e8b465ee728b)  -> (artifact id: 'c716e97ef39ad631d1c5fd2e2738f8ae') in 0.034849 seconds 
========================================================================
Received Import Request.
  Time since last request: 0.000368 seconds.
  path: Assets/Sprites/Sprites/virus.png
  artifactKey: Guid(3945192a02e8ef14f831e3722da586c8) Importer(815301076,1909f56bfc062723c751e8b465ee728b)
Start importing Assets/Sprites/Sprites/virus.png using Guid(3945192a02e8ef14f831e3722da586c8) Importer(815301076,1909f56bfc062723c751e8b465ee728b)  -> (artifact id: 'b13d1752814b551843bdb1c09eafb057') in 0.039217 seconds 
========================================================================
Received Import Request.
  Time since last request: 0.000240 seconds.
  path: Assets/Sprites/Sprites/UI.png
  artifactKey: Guid(e8a3889fb40479441ab4236b7e99f5f4) Importer(815301076,1909f56bfc062723c751e8b465ee728b)
Start importing Assets/Sprites/Sprites/UI.png using Guid(e8a3889fb40479441ab4236b7e99f5f4) Importer(815301076,1909f56bfc062723c751e8b465ee728b)  -> (artifact id: '45128d2987cbe47805a2e3ae3e0998f7') in 0.053644 seconds 
========================================================================
Received Import Request.
  Time since last request: 40.141393 seconds.
  path: Assets/Sprites/SpritesZoombies
  artifactKey: Guid(c8e4626cad404054ab3d29b3fc156c4a) Importer(815301076,1909f56bfc062723c751e8b465ee728b)
Start importing Assets/Sprites/SpritesZoombies using Guid(c8e4626cad404054ab3d29b3fc156c4a) Importer(815301076,1909f56bfc062723c751e8b465ee728b)  -> (artifact id: 'b95e640a3ac36c7e767863218eadfdf2') in 0.013524 seconds 
========================================================================
Received Import Request.
  Time since last request: 16.594304 seconds.
  path: Assets/Sprites/Sprites/obstacu.png
  artifactKey: Guid(0591824a9418d4141b3493f3963d22a4) Importer(815301076,1909f56bfc062723c751e8b465ee728b)
Start importing Assets/Sprites/Sprites/obstacu.png using Guid(0591824a9418d4141b3493f3963d22a4) Importer(815301076,1909f56bfc062723c751e8b465ee728b)  -> (artifact id: '1894a53e59534a4ccc887e4fdadddd96') in 0.106105 seconds 
========================================================================
Received Import Request.
  Time since last request: 20.754747 seconds.
  path: Assets/Sprites/Sprites/obstaculos.png
  artifactKey: Guid(0591824a9418d4141b3493f3963d22a4) Importer(815301076,1909f56bfc062723c751e8b465ee728b)
Start importing Assets/Sprites/Sprites/obstaculos.png using Guid(0591824a9418d4141b3493f3963d22a4) Importer(815301076,1909f56bfc062723c751e8b465ee728b)  -> (artifact id: '15eab944556443a88798010e4b07fad0') in 0.101664 seconds 
========================================================================
Received Import Request.
  Time since last request: 38.886872 seconds.
  path: Assets/Sprites/Sprites/calles.png
  artifactKey: Guid(9369ae0468b7a4fcbbb869b9e2800e4a) Importer(815301076,1909f56bfc062723c751e8b465ee728b)
Start importing Assets/Sprites/Sprites/calles.png using Guid(9369ae0468b7a4fcbbb869b9e2800e4a) Importer(815301076,1909f56bfc062723c751e8b465ee728b)  -> (artifact id: '2f8eae841799c335cd9c9845e87e4b77') in 0.052581 seconds 
========================================================================
Received Import Request.
  Time since last request: 53.768427 seconds.
  path: Assets/Sprites/Sprites/UI.png
  artifactKey: Guid(e8a3889fb40479441ab4236b7e99f5f4) Importer(815301076,1909f56bfc062723c751e8b465ee728b)
Start importing Assets/Sprites/Sprites/UI.png using Guid(e8a3889fb40479441ab4236b7e99f5f4) Importer(815301076,1909f56bfc062723c751e8b465ee728b)  -> (artifact id: 'e1e5b0961234bc3881eebad6df256c48') in 0.037163 seconds 
========================================================================
Received Import Request.
  Time since last request: 9.412560 seconds.
  path: Assets/Sprites/Sprites/UI.png
  artifactKey: Guid(e8a3889fb40479441ab4236b7e99f5f4) Importer(815301076,1909f56bfc062723c751e8b465ee728b)
Start importing Assets/Sprites/Sprites/UI.png using Guid(e8a3889fb40479441ab4236b7e99f5f4) Importer(815301076,1909f56bfc062723c751e8b465ee728b)  -> (artifact id: 'd66d88347d68098f966fc95248137f35') in 0.080459 seconds 
========================================================================
Received Import Request.
  Time since last request: 62.589327 seconds.
  path: Assets/Sprites/Sprites/jeringa.gif
  artifactKey: Guid(1a59af861057f0047aadd8305bc1fda4) Importer(815301076,1909f56bfc062723c751e8b465ee728b)
Start importing Assets/Sprites/Sprites/jeringa.gif using Guid(1a59af861057f0047aadd8305bc1fda4) Importer(815301076,1909f56bfc062723c751e8b465ee728b)  -> (artifact id: '70dc38a88abb4a2c5034982daee64225') in 0.016700 seconds 
========================================================================
Received Import Request.
  Time since last request: 108.628920 seconds.
  path: Assets/Sprites/Sprites/jeringa.gif
  artifactKey: Guid(1a59af861057f0047aadd8305bc1fda4) Importer(815301076,1909f56bfc062723c751e8b465ee728b)
Start importing Assets/Sprites/Sprites/jeringa.gif using Guid(1a59af861057f0047aadd8305bc1fda4) Importer(815301076,1909f56bfc062723c751e8b465ee728b)  -> (artifact id: '915607f41275f559c12e612c1ab1c298') in 0.037322 seconds 
========================================================================
Received Import Request.
  Time since last request: 11.881500 seconds.
  path: Assets/Sprites/Sprites/virus.png
  artifactKey: Guid(3945192a02e8ef14f831e3722da586c8) Importer(815301076,1909f56bfc062723c751e8b465ee728b)
Start importing Assets/Sprites/Sprites/virus.png using Guid(3945192a02e8ef14f831e3722da586c8) Importer(815301076,1909f56bfc062723c751e8b465ee728b)  -> (artifact id: 'c6d8b0656188964cd8ac806c1a8b8d4a') in 0.018967 seconds 
========================================================================
Received Import Request.
  Time since last request: 12.273109 seconds.
  path: Assets/Sprites/Sprites/virus.png
  artifactKey: Guid(3945192a02e8ef14f831e3722da586c8) Importer(815301076,1909f56bfc062723c751e8b465ee728b)
Start importing Assets/Sprites/Sprites/virus.png using Guid(3945192a02e8ef14f831e3722da586c8) Importer(815301076,1909f56bfc062723c751e8b465ee728b)  -> (artifact id: '7711cc6d45172ede497f303958820c82') in 0.085030 seconds 
========================================================================
Received Import Request.
  Time since last request: 863.735739 seconds.
  path: Assets/Sprites/Sprites/personas_001.png
  artifactKey: Guid(83d953eca097010479c3c6c2904b502c) Importer(815301076,1909f56bfc062723c751e8b465ee728b)
Start importing Assets/Sprites/Sprites/personas_001.png using Guid(83d953eca097010479c3c6c2904b502c) Importer(815301076,1909f56bfc062723c751e8b465ee728b)  -> (artifact id: '1d67ccc94fda71a354a9b71850cda48e') in 0.171647 seconds 
========================================================================
Received Import Request.
  Time since last request: 0.000328 seconds.
  path: Assets/Sprites/Sprites/personas_002.png
  artifactKey: Guid(03388132f7cfa3b439fe97cfdcb3cb76) Importer(815301076,1909f56bfc062723c751e8b465ee728b)
Start importing Assets/Sprites/Sprites/personas_002.png using Guid(03388132f7cfa3b439fe97cfdcb3cb76) Importer(815301076,1909f56bfc062723c751e8b465ee728b)  -> (artifact id: '8a31a73fbc51090462f2024d06807d99') in 0.047069 seconds 
========================================================================
Received Import Request.
  Time since last request: 14.422071 seconds.
  path: Assets/Sprites/Sprites/personas_001.png
  artifactKey: Guid(83d953eca097010479c3c6c2904b502c) Importer(815301076,1909f56bfc062723c751e8b465ee728b)
Start importing Assets/Sprites/Sprites/personas_001.png using Guid(83d953eca097010479c3c6c2904b502c) Importer(815301076,1909f56bfc062723c751e8b465ee728b)  -> (artifact id: '0ae11952a1cfda16cdead3171bd272ef') in 0.030022 seconds 
========================================================================
Received Import Request.
  Time since last request: 109.831544 seconds.
  path: Assets/Sprites/Sprites/personas_001.png
  artifactKey: Guid(83d953eca097010479c3c6c2904b502c) Importer(815301076,1909f56bfc062723c751e8b465ee728b)
Start importing Assets/Sprites/Sprites/personas_001.png using Guid(83d953eca097010479c3c6c2904b502c) Importer(815301076,1909f56bfc062723c751e8b465ee728b)  -> (artifact id: '323f07f38b75d70af5db61b74e1e4958') in 0.060797 seconds 
========================================================================
Received Import Request.
  Time since last request: 264.603322 seconds.
  path: Assets/Sprites/Sprites/personas_001.png
  artifactKey: Guid(83d953eca097010479c3c6c2904b502c) Importer(815301076,1909f56bfc062723c751e8b465ee728b)
Start importing Assets/Sprites/Sprites/personas_001.png using Guid(83d953eca097010479c3c6c2904b502c) Importer(815301076,1909f56bfc062723c751e8b465ee728b)  -> (artifact id: 'a4f3584dcf6443c95d31fe83134f140e') in 0.044568 seconds 
========================================================================
Received Import Request.
  Time since last request: 70.102472 seconds.
  path: Assets/Sprites/Sprites/personas_001.png
  artifactKey: Guid(83d953eca097010479c3c6c2904b502c) Importer(815301076,1909f56bfc062723c751e8b465ee728b)
Start importing Assets/Sprites/Sprites/personas_001.png using Guid(83d953eca097010479c3c6c2904b502c) Importer(815301076,1909f56bfc062723c751e8b465ee728b)  -> (artifact id: '6d28d4dbccf345217785e40ad00b0fe8') in 0.093039 seconds 
========================================================================
Received Import Request.
  Time since last request: 56.188051 seconds.
  path: Assets/Sprites/Sprites/personas_002.png
  artifactKey: Guid(03388132f7cfa3b439fe97cfdcb3cb76) Importer(815301076,1909f56bfc062723c751e8b465ee728b)
Start importing Assets/Sprites/Sprites/personas_002.png using Guid(03388132f7cfa3b439fe97cfdcb3cb76) Importer(815301076,1909f56bfc062723c751e8b465ee728b)  -> (artifact id: '12618a1389d49e0ad9ceb6d49edae324') in 0.039994 seconds 
========================================================================
Received Import Request.
  Time since last request: 11.322184 seconds.
  path: Assets/Sprites/Sprites/personas_002.png
  artifactKey: Guid(03388132f7cfa3b439fe97cfdcb3cb76) Importer(815301076,1909f56bfc062723c751e8b465ee728b)
Start importing Assets/Sprites/Sprites/personas_002.png using Guid(03388132f7cfa3b439fe97cfdcb3cb76) Importer(815301076,1909f56bfc062723c751e8b465ee728b)  -> (artifact id: '92128f4e70c88abdfa71afc5a945365a') in 0.036350 seconds 
========================================================================
Received Import Request.
  Time since last request: 324.985343 seconds.
  path: Assets/Sprites/Sprites/personas_002.png
  artifactKey: Guid(03388132f7cfa3b439fe97cfdcb3cb76) Importer(815301076,1909f56bfc062723c751e8b465ee728b)
Start importing Assets/Sprites/Sprites/personas_002.png using Guid(03388132f7cfa3b439fe97cfdcb3cb76) Importer(815301076,1909f56bfc062723c751e8b465ee728b)  -> (artifact id: '7ff74fb32d20fabb4c07ae6e29d70f23') in 0.125576 seconds 
========================================================================
Received Import Request.
  Time since last request: 576.535526 seconds.
  path: Assets/Scenes/SampleScene.unity
  artifactKey: Guid(2cda990e2423bbf4892e6590ba056729) Importer(815301076,1909f56bfc062723c751e8b465ee728b)
Start importing Assets/Scenes/SampleScene.unity using Guid(2cda990e2423bbf4892e6590ba056729) Importer(815301076,1909f56bfc062723c751e8b465ee728b)  -> (artifact id: 'dab1858c2792faaec84fb1c5dc3e7c63') in 0.020698 seconds 
========================================================================
Received Import Request.
  Time since last request: 15.289459 seconds.
  path: Assets/Scenes/Game.unity
  artifactKey: Guid(2cda990e2423bbf4892e6590ba056729) Importer(815301076,1909f56bfc062723c751e8b465ee728b)
Start importing Assets/Scenes/Game.unity using Guid(2cda990e2423bbf4892e6590ba056729) Importer(815301076,1909f56bfc062723c751e8b465ee728b)  -> (artifact id: 'd8f7ae568e68d30cc9b5d91277090bd2') in 0.017567 seconds 
========================================================================
Received Prepare
Registering precompiled user dll's ...
Registered in 0.160736 seconds.
Begin MonoManager ReloadAssembly
Symbol file LoadedFromMemory doesn't match image C:\repositorios\Simulacion\Unity\Proyecto_Simulacion\Library\PackageCache\com.unity.visualscripting@1.6.1\Editor\VisualScripting.Core\Dependencies\YamlDotNet\Unity.VisualScripting.YamlDotNet.dll
Symbol file LoadedFromMemory doesn't match image C:\repositorios\Simulacion\Unity\Proyecto_Simulacion\Library\PackageCache\com.unity.visualscripting@1.6.1\Editor\VisualScripting.Core\Dependencies\DotNetZip\Unity.VisualScripting.IonicZip.dll
Native extension for WindowsStandalone target not found
Refreshing native plugins compatible for Editor in 0.90 ms, found 4 plugins.
Preloading 0 native plugins for Editor in 0.00 ms.
Mono: successfully reloaded assembly
- Completed reload, in  2.779 seconds
Domain Reload Profiling:
	ReloadAssembly (2785ms)
		BeginReloadAssembly (955ms)
			ExecutionOrderSort (0ms)
			DisableScriptedObjects (175ms)
			BackupInstance (0ms)
			ReleaseScriptingObjects (0ms)
			CreateAndSetChildDomain (486ms)
		EndReloadAssembly (1726ms)
			LoadAssemblies (222ms)
			RebuildTransferFunctionScriptingTraits (0ms)
			SetupTypeCache (536ms)
			ReleaseScriptCaches (1ms)
			RebuildScriptCaches (61ms)
			SetupLoadedEditorAssemblies (511ms)
				LogAssemblyErrors (0ms)
				InitializePlatformSupportModulesInManaged (7ms)
				SetLoadedEditorAssemblies (1ms)
				RefreshPlugins (1ms)
				BeforeProcessingInitializeOnLoad (90ms)
				ProcessInitializeOnLoadAttributes (392ms)
				ProcessInitializeOnLoadMethodAttributes (13ms)
				AfterProcessingInitializeOnLoad (7ms)
				EditorAssembliesLoaded (0ms)
			ExecutionOrderSort2 (0ms)
			AwakeInstancesAfterBackupRestoration (94ms)
Platform modules already initialized, skipping
Switching build target platform(19) subTarget(0) extendedPlatform(0) -> platform(13) subTarget(537395200) extendedPlatform(0)
Refreshing native plugins compatible for Editor in 0.91 ms, found 4 plugins.
Preloading 0 native plugins for Editor in 0.00 ms.
Unloading 3677 Unused Serialized files (Serialized files now loaded: 0)
System memory in use before: 165.2 MB.
System memory in use after: 165.4 MB.

Unloading 20 unused Assets to reduce memory usage. Loaded Objects now: 4596.
Total: 5.269600 ms (FindLiveObjects: 0.661900 ms CreateObjectMapping: 0.303400 ms MarkObjects: 4.273600 ms  DeleteObjects: 0.028900 ms)

AssetImportParameters requested are different than current active one (requested -> active):
  custom:framework-win-MediaFoundation: 216162199b28c13a410421893ffa2e32 -> 
  custom:video-decoder-ogg-theora: a1e56fd34408186e4bbccfd4996cb3dc -> 
  custom:container-muxer-webm: aa71ff27fc2769a1b78a27578f13a17b -> 
  custom:container-demuxer-webm: 4f35f7cbe854078d1ac9338744f61a02 -> 
  custom:container-demuxer-ogg: 62fdf1f143b41e24485cea50d1cbac27 -> 
  custom:video-encoder-webm-vp8: eb34c28f22e8b96e1ab97ce403110664 -> 
  custom:video-decoder-webm-vp8: 9c59270c3fd7afecdb556c50c9e8de78 -> 
  custom:graphics/normal-map-encoding: 01000000000000000000000000000000 -> 02000000000000000000000000000000
  custom:audio-decoder-ogg-vorbis: bf7c407c2cedff20999df2af8eb42d56 -> 
  custom:audio-encoder-webm-vorbis: bf7c407c2cedff20999df2af8eb42d56 -> 
========================================================================
Received Prepare
Refreshing native plugins compatible for Editor in 7.25 ms, found 4 plugins.
Preloading 0 native plugins for Editor in 0.00 ms.
Unloading 18 Unused Serialized files (Serialized files now loaded: 0)
System memory in use before: 92.7 MB.
System memory in use after: 92.9 MB.

Unloading 18 unused Assets to reduce memory usage. Loaded Objects now: 4596.
Total: 4.895100 ms (FindLiveObjects: 0.549800 ms CreateObjectMapping: 0.290300 ms MarkObjects: 4.032600 ms  DeleteObjects: 0.021600 ms)

AssetImportParameters requested are different than current active one (requested -> active):
  custom:framework-win-MediaFoundation: 216162199b28c13a410421893ffa2e32 -> 
  custom:video-decoder-ogg-theora: a1e56fd34408186e4bbccfd4996cb3dc -> 
  custom:container-muxer-webm: aa71ff27fc2769a1b78a27578f13a17b -> 
  custom:container-demuxer-webm: 4f35f7cbe854078d1ac9338744f61a02 -> 
  custom:container-demuxer-ogg: 62fdf1f143b41e24485cea50d1cbac27 -> 
  custom:video-encoder-webm-vp8: eb34c28f22e8b96e1ab97ce403110664 -> 
  custom:video-decoder-webm-vp8: 9c59270c3fd7afecdb556c50c9e8de78 -> 
  custom:audio-decoder-ogg-vorbis: bf7c407c2cedff20999df2af8eb42d56 -> 
  custom:audio-encoder-webm-vorbis: bf7c407c2cedff20999df2af8eb42d56 -> 
========================================================================
Received Import Request.
  Time since last request: 469.467714 seconds.
  path: Assets/Sprites/Sprites/calles.png
  artifactKey: Guid(9369ae0468b7a4fcbbb869b9e2800e4a) Importer(815301076,1909f56bfc062723c751e8b465ee728b)
Start importing Assets/Sprites/Sprites/calles.png using Guid(9369ae0468b7a4fcbbb869b9e2800e4a) Importer(815301076,1909f56bfc062723c751e8b465ee728b)  -> (artifact id: 'cc43fa2a7c4a37006e9cc102dfdc15b9') in 0.129859 seconds 
========================================================================
Received Import Request.
  Time since last request: 0.000260 seconds.
  path: Assets/Sprites/Sprites/Scavengers_SpriteSheet.png
  artifactKey: Guid(fbe1e7b94bb1a4a099d5bcb15a00141c) Importer(815301076,1909f56bfc062723c751e8b465ee728b)
Start importing Assets/Sprites/Sprites/Scavengers_SpriteSheet.png using Guid(fbe1e7b94bb1a4a099d5bcb15a00141c) Importer(815301076,1909f56bfc062723c751e8b465ee728b)  -> (artifact id: 'ccf84b14de0aa54d9b0e1568f29bb964') in 0.167685 seconds 
========================================================================
Received Import Request.
  Time since last request: 0.000292 seconds.
  path: Assets/Sprites/Sprites/virus.png
  artifactKey: Guid(3945192a02e8ef14f831e3722da586c8) Importer(815301076,1909f56bfc062723c751e8b465ee728b)
Start importing Assets/Sprites/Sprites/virus.png using Guid(3945192a02e8ef14f831e3722da586c8) Importer(815301076,1909f56bfc062723c751e8b465ee728b)  -> (artifact id: 'bd31afe68cf0f45b9d4d5e79261c9e97') in 0.081614 seconds 
========================================================================
Received Import Request.
  Time since last request: 0.000263 seconds.
  path: Assets/Sprites/Sprites/carros.png
  artifactKey: Guid(5eee6ca8f1cf9c748a11f08a28c380c8) Importer(815301076,1909f56bfc062723c751e8b465ee728b)
Start importing Assets/Sprites/Sprites/carros.png using Guid(5eee6ca8f1cf9c748a11f08a28c380c8) Importer(815301076,1909f56bfc062723c751e8b465ee728b)  -> (artifact id: '292039045c8974eb6f84b8b8d309e339') in 0.147743 seconds 
========================================================================
Received Import Request.
  Time since last request: 0.000371 seconds.
  path: Assets/Sprites/Sprites/jeringa.gif
  artifactKey: Guid(1a59af861057f0047aadd8305bc1fda4) Importer(815301076,1909f56bfc062723c751e8b465ee728b)
Start importing Assets/Sprites/Sprites/jeringa.gif using Guid(1a59af861057f0047aadd8305bc1fda4) Importer(815301076,1909f56bfc062723c751e8b465ee728b)  -> (artifact id: '450fd725a20624d7f338c1d36b112d2f') in 0.041457 seconds 
========================================================================
Received Import Request.
  Time since last request: 0.000241 seconds.
  path: Assets/Sprites/Sprites/obstaculos.png
  artifactKey: Guid(0591824a9418d4141b3493f3963d22a4) Importer(815301076,1909f56bfc062723c751e8b465ee728b)
Start importing Assets/Sprites/Sprites/obstaculos.png using Guid(0591824a9418d4141b3493f3963d22a4) Importer(815301076,1909f56bfc062723c751e8b465ee728b)  -> (artifact id: '7e179c3b711faf21b156cad2ff7b35a1') in 0.114293 seconds 
========================================================================
Received Import Request.
  Time since last request: 0.000236 seconds.
  path: Assets/Sprites/Sprites/UI.png
  artifactKey: Guid(e8a3889fb40479441ab4236b7e99f5f4) Importer(815301076,1909f56bfc062723c751e8b465ee728b)
Start importing Assets/Sprites/Sprites/UI.png using Guid(e8a3889fb40479441ab4236b7e99f5f4) Importer(815301076,1909f56bfc062723c751e8b465ee728b)  -> (artifact id: '98c29c4e54f91547c9094eefd7bdeeaf') in 0.086275 seconds 
========================================================================
Received Import Request.
  Time since last request: 0.000294 seconds.
  path: Assets/Sprites/Sprites/personas_002.png
  artifactKey: Guid(03388132f7cfa3b439fe97cfdcb3cb76) Importer(815301076,1909f56bfc062723c751e8b465ee728b)
Start importing Assets/Sprites/Sprites/personas_002.png using Guid(03388132f7cfa3b439fe97cfdcb3cb76) Importer(815301076,1909f56bfc062723c751e8b465ee728b)  -> (artifact id: '35d42a06d439b9a12e318a152e668118') in 0.110872 seconds 
========================================================================
Received Import Request.
  Time since last request: 0.000237 seconds.
  path: Assets/Sprites/Sprites/personas_001.png
  artifactKey: Guid(83d953eca097010479c3c6c2904b502c) Importer(815301076,1909f56bfc062723c751e8b465ee728b)
Start importing Assets/Sprites/Sprites/personas_001.png using Guid(83d953eca097010479c3c6c2904b502c) Importer(815301076,1909f56bfc062723c751e8b465ee728b)  -> (artifact id: '9e0d14faf9bb4d753c7bf8f9b3f691bd') in 0.100830 seconds 
========================================================================
Received Import Request.
  Time since last request: 33.368530 seconds.
  path: Assets/Scenes/New Scene.unity
  artifactKey: Guid(d40154f02afce8f468408bc7d42f625e) Importer(815301076,1909f56bfc062723c751e8b465ee728b)
Start importing Assets/Scenes/New Scene.unity using Guid(d40154f02afce8f468408bc7d42f625e) Importer(815301076,1909f56bfc062723c751e8b465ee728b)  -> (artifact id: 'f0af491315727433a8f1bd1089e5156d') in 0.012806 seconds 
========================================================================
Received Import Request.
  Time since last request: 2.547789 seconds.
  path: Assets/Scenes/Game.unity
  artifactKey: Guid(d40154f02afce8f468408bc7d42f625e) Importer(815301076,1909f56bfc062723c751e8b465ee728b)
Start importing Assets/Scenes/Game.unity using Guid(d40154f02afce8f468408bc7d42f625e) Importer(815301076,1909f56bfc062723c751e8b465ee728b)  -> (artifact id: '35e01d07c815764af4884a8a8a6be622') in 0.014133 seconds 
========================================================================
Received Import Request.
  Time since last request: 3.004699 seconds.
  path: Assets/Scenes/Game.unity
  artifactKey: Guid(d40154f02afce8f468408bc7d42f625e) Importer(815301076,1909f56bfc062723c751e8b465ee728b)
Start importing Assets/Scenes/Game.unity using Guid(d40154f02afce8f468408bc7d42f625e) Importer(815301076,1909f56bfc062723c751e8b465ee728b)  -> (artifact id: '7c732637b63f3544c2075c2f0ec32bcb') in 0.009393 seconds 
========================================================================
Received Prepare
Registering precompiled user dll's ...
Registered in 0.015679 seconds.
Begin MonoManager ReloadAssembly
Symbol file LoadedFromMemory doesn't match image C:\repositorios\Simulacion\Unity\Proyecto_Simulacion\Library\PackageCache\com.unity.visualscripting@1.6.1\Editor\VisualScripting.Core\Dependencies\YamlDotNet\Unity.VisualScripting.YamlDotNet.dll
Symbol file LoadedFromMemory doesn't match image C:\repositorios\Simulacion\Unity\Proyecto_Simulacion\Library\PackageCache\com.unity.visualscripting@1.6.1\Editor\VisualScripting.Core\Dependencies\DotNetZip\Unity.VisualScripting.IonicZip.dll
Native extension for WindowsStandalone target not found
Refreshing native plugins compatible for Editor in 0.96 ms, found 4 plugins.
Preloading 0 native plugins for Editor in 0.00 ms.
Mono: successfully reloaded assembly
- Completed reload, in  1.943 seconds
Domain Reload Profiling:
	ReloadAssembly (1943ms)
		BeginReloadAssembly (179ms)
			ExecutionOrderSort (0ms)
			DisableScriptedObjects (13ms)
			BackupInstance (0ms)
			ReleaseScriptingObjects (0ms)
			CreateAndSetChildDomain (57ms)
		EndReloadAssembly (1678ms)
			LoadAssemblies (143ms)
			RebuildTransferFunctionScriptingTraits (0ms)
			SetupTypeCache (588ms)
			ReleaseScriptCaches (2ms)
			RebuildScriptCaches (71ms)
			SetupLoadedEditorAssemblies (573ms)
				LogAssemblyErrors (0ms)
				InitializePlatformSupportModulesInManaged (7ms)
				SetLoadedEditorAssemblies (1ms)
				RefreshPlugins (1ms)
				BeforeProcessingInitializeOnLoad (99ms)
				ProcessInitializeOnLoadAttributes (443ms)
				ProcessInitializeOnLoadMethodAttributes (14ms)
				AfterProcessingInitializeOnLoad (8ms)
				EditorAssembliesLoaded (0ms)
			ExecutionOrderSort2 (0ms)
			AwakeInstancesAfterBackupRestoration (54ms)
Platform modules already initialized, skipping
Switching build target platform(19) subTarget(0) extendedPlatform(0) -> platform(13) subTarget(537395200) extendedPlatform(0)
Refreshing native plugins compatible for Editor in 0.85 ms, found 4 plugins.
Preloading 0 native plugins for Editor in 0.00 ms.
Unloading 3672 Unused Serialized files (Serialized files now loaded: 0)
System memory in use before: 173.1 MB.
System memory in use after: 173.3 MB.

Unloading 20 unused Assets to reduce memory usage. Loaded Objects now: 4743.
Total: 5.854900 ms (FindLiveObjects: 0.368800 ms CreateObjectMapping: 0.203400 ms MarkObjects: 5.249700 ms  DeleteObjects: 0.031600 ms)

AssetImportParameters requested are different than current active one (requested -> active):
  custom:framework-win-MediaFoundation: 216162199b28c13a410421893ffa2e32 -> 
  custom:video-decoder-ogg-theora: a1e56fd34408186e4bbccfd4996cb3dc -> 
  custom:container-muxer-webm: aa71ff27fc2769a1b78a27578f13a17b -> 
  custom:container-demuxer-webm: 4f35f7cbe854078d1ac9338744f61a02 -> 
  custom:container-demuxer-ogg: 62fdf1f143b41e24485cea50d1cbac27 -> 
  custom:video-encoder-webm-vp8: eb34c28f22e8b96e1ab97ce403110664 -> 
  custom:video-decoder-webm-vp8: 9c59270c3fd7afecdb556c50c9e8de78 -> 
  custom:graphics/normal-map-encoding: 01000000000000000000000000000000 -> 02000000000000000000000000000000
  custom:audio-decoder-ogg-vorbis: bf7c407c2cedff20999df2af8eb42d56 -> 
  custom:audio-encoder-webm-vorbis: bf7c407c2cedff20999df2af8eb42d56 -> 
========================================================================
Received Import Request.
  Time since last request: 153.046670 seconds.
  path: Assets/Sprites/Scavengers_SpriteSheet.png
  artifactKey: Guid(fbe1e7b94bb1a4a099d5bcb15a00141c) Importer(815301076,1909f56bfc062723c751e8b465ee728b)
Start importing Assets/Sprites/Scavengers_SpriteSheet.png using Guid(fbe1e7b94bb1a4a099d5bcb15a00141c) Importer(815301076,1909f56bfc062723c751e8b465ee728b)  -> (artifact id: '110210750fe53542ee359d1496eba430') in 0.218761 seconds 
========================================================================
Received Import Request.
  Time since last request: 111.677755 seconds.
  path: ProjectSettings/TagManager.asset
  artifactKey: Guid(00000000000000003000000000000000) Importer(815301076,1909f56bfc062723c751e8b465ee728b)
Start importing ProjectSettings/TagManager.asset using Guid(00000000000000003000000000000000) Importer(815301076,1909f56bfc062723c751e8b465ee728b)  -> (artifact id: '2fddea6c81ff1bec1e2592361e1ead30') in 0.032756 seconds 
========================================================================
Received Import Request.
  Time since last request: 484.532092 seconds.
  path: Assets/Scenes/aaa.unity
  artifactKey: Guid(072706e1bd2692f42b130e4bc16a9830) Importer(815301076,1909f56bfc062723c751e8b465ee728b)
Start importing Assets/Scenes/aaa.unity using Guid(072706e1bd2692f42b130e4bc16a9830) Importer(815301076,1909f56bfc062723c751e8b465ee728b)  -> (artifact id: '8f1a873905b1e5dcdcaa906ffa27f23a') in 0.022343 seconds 
========================================================================
Received Import Request.
  Time since last request: 6.005256 seconds.
  path: Assets/Scenes/Game.unity
  artifactKey: Guid(d40154f02afce8f468408bc7d42f625e) Importer(815301076,1909f56bfc062723c751e8b465ee728b)
Start importing Assets/Scenes/Game.unity using Guid(d40154f02afce8f468408bc7d42f625e) Importer(815301076,1909f56bfc062723c751e8b465ee728b)  -> (artifact id: '38d27917a82ea2880054b49f02b7d8e2') in 0.007404 seconds 
========================================================================
Received Import Request.
  Time since last request: 19.356843 seconds.
  path: Assets/Scenes/Game.unity
  artifactKey: Guid(072706e1bd2692f42b130e4bc16a9830) Importer(815301076,1909f56bfc062723c751e8b465ee728b)
Start importing Assets/Scenes/Game.unity using Guid(072706e1bd2692f42b130e4bc16a9830) Importer(815301076,1909f56bfc062723c751e8b465ee728b)  -> (artifact id: '798e0f02f223914118cb1f96580ea9c8') in 0.003767 seconds 
========================================================================
Received Import Request.
  Time since last request: 43.139295 seconds.
  path: Assets/Sonidos/Adventure Meme.mp3
  artifactKey: Guid(94a87008d79f84f9da195fbeb501972a) Importer(815301076,1909f56bfc062723c751e8b465ee728b)
Start importing Assets/Sonidos/Adventure Meme.mp3 using Guid(94a87008d79f84f9da195fbeb501972a) Importer(815301076,1909f56bfc062723c751e8b465ee728b)  -> (artifact id: 'd7af932a4e5bc599c24cd03de621b8fe') in 0.073566 seconds 
========================================================================
Received Import Request.
  Time since last request: 0.000360 seconds.
  path: Assets/Sonidos/ArranqueMotor.aif
  artifactKey: Guid(ef540f04db14d40d19b9ff8b5704d13d) Importer(815301076,1909f56bfc062723c751e8b465ee728b)
Start importing Assets/Sonidos/ArranqueMotor.aif using Guid(ef540f04db14d40d19b9ff8b5704d13d) Importer(815301076,1909f56bfc062723c751e8b465ee728b)  -> (artifact id: '7be4254a366532a1c19ac5323885937e') in 0.045924 seconds 
========================================================================
Received Import Request.
  Time since last request: 0.000344 seconds.
  path: Assets/Sonidos/MotorFX.aif
  artifactKey: Guid(c0db724cd5ca648bc869fdd4752ee928) Importer(815301076,1909f56bfc062723c751e8b465ee728b)
Start importing Assets/Sonidos/MotorFX.aif using Guid(c0db724cd5ca648bc869fdd4752ee928) Importer(815301076,1909f56bfc062723c751e8b465ee728b)  -> (artifact id: '10392b922d1a86c068f038ffc9faf5bb') in 0.030925 seconds 
========================================================================
Received Import Request.
  Time since last request: 0.000430 seconds.
  path: Assets/Sonidos/QuitaVida.aif
  artifactKey: Guid(ba3c7b316b733401fb6d46e949b3ea91) Importer(815301076,1909f56bfc062723c751e8b465ee728b)
Start importing Assets/Sonidos/QuitaVida.aif using Guid(ba3c7b316b733401fb6d46e949b3ea91) Importer(815301076,1909f56bfc062723c751e8b465ee728b)  -> (artifact id: '83f08a50db0edb14bca5a766c286e5f0') in 0.035636 seconds 
========================================================================
Received Import Request.
  Time since last request: 0.000292 seconds.
  path: Assets/Sonidos/MasDIez.aif
  artifactKey: Guid(9e80034bc329449dbab965f5467a5e5c) Importer(815301076,1909f56bfc062723c751e8b465ee728b)
Start importing Assets/Sonidos/MasDIez.aif using Guid(9e80034bc329449dbab965f5467a5e5c) Importer(815301076,1909f56bfc062723c751e8b465ee728b)  -> (artifact id: 'ad2867a43a18d81701ab1094d170bfcd') in 0.029145 seconds 
========================================================================
Received Import Request.
  Time since last request: 0.000267 seconds.
  path: Assets/Sonidos/InicioFX.aif
  artifactKey: Guid(b9ffaef2c5f3648159dceb16dec651ac) Importer(815301076,1909f56bfc062723c751e8b465ee728b)
Start importing Assets/Sonidos/InicioFX.aif using Guid(b9ffaef2c5f3648159dceb16dec651ac) Importer(815301076,1909f56bfc062723c751e8b465ee728b)  -> (artifact id: 'd0562fa88b79f2759c8adb9513ba3229') in 0.031494 seconds 
========================================================================
Received Import Request.
  Time since last request: 0.000233 seconds.
  path: Assets/Sonidos/CuentaRegresiva.aif
  artifactKey: Guid(02c338573d0294ef1a24d51f5c443f6d) Importer(815301076,1909f56bfc062723c751e8b465ee728b)
Start importing Assets/Sonidos/CuentaRegresiva.aif using Guid(02c338573d0294ef1a24d51f5c443f6d) Importer(815301076,1909f56bfc062723c751e8b465ee728b)  -> (artifact id: '2cb40c66bd59e22d6d9d3bf8ae4eef1a') in 0.031627 seconds 
========================================================================
Received Import Request.
  Time since last request: 0.000277 seconds.
  path: Assets/Sonidos/BotonFX.mp3
  artifactKey: Guid(4b585aa1aa7964b3fbe53885815ba285) Importer(815301076,1909f56bfc062723c751e8b465ee728b)
Start importing Assets/Sonidos/BotonFX.mp3 using Guid(4b585aa1aa7964b3fbe53885815ba285) Importer(815301076,1909f56bfc062723c751e8b465ee728b)  -> (artifact id: 'c7191978d12c65dc6ea6ed2f37a5b7a3') in 0.030428 seconds 
========================================================================
Received Import Request.
  Time since last request: 0.000224 seconds.
  path: Assets/Sonidos/ChoqueCoche.aif
  artifactKey: Guid(dce89aebdd23b42b3990f8383cc69b09) Importer(815301076,1909f56bfc062723c751e8b465ee728b)
Start importing Assets/Sonidos/ChoqueCoche.aif using Guid(dce89aebdd23b42b3990f8383cc69b09) Importer(815301076,1909f56bfc062723c751e8b465ee728b)  -> (artifact id: 'eecfb2674fa09f56e88eda31d1357e0e') in 0.035915 seconds 
========================================================================
Received Import Request.
  Time since last request: 0.000282 seconds.
  path: Assets/Sonidos/Latin Industries.mp3
  artifactKey: Guid(52f50d203a1184735820948958b09485) Importer(815301076,1909f56bfc062723c751e8b465ee728b)
Start importing Assets/Sonidos/Latin Industries.mp3 using Guid(52f50d203a1184735820948958b09485) Importer(815301076,1909f56bfc062723c751e8b465ee728b)  -> (artifact id: '1cfb9b35a810436e0e83c37a969ce555') in 0.033338 seconds 
========================================================================
Received Import Request.
  Time since last request: 24.129808 seconds.
  path: Assets/Type/Minecrafter.Reg.ttf
  artifactKey: Guid(a6f60bce8fb7c4bc3b38c9cc230de624) Importer(815301076,1909f56bfc062723c751e8b465ee728b)
Start importing Assets/Type/Minecrafter.Reg.ttf using Guid(a6f60bce8fb7c4bc3b38c9cc230de624) Importer(815301076,1909f56bfc062723c751e8b465ee728b)  -> (artifact id: '1c5c4a5d420712d507164616decff3fe') in 0.223613 seconds 
========================================================================
Received Import Request.
  Time since last request: 3.072952 seconds.
  path: Assets/Type
  artifactKey: Guid(aeb7a8c0d9a109f429a05bf6d17c6ad8) Importer(815301076,1909f56bfc062723c751e8b465ee728b)
Start importing Assets/Type using Guid(aeb7a8c0d9a109f429a05bf6d17c6ad8) Importer(815301076,1909f56bfc062723c751e8b465ee728b)  -> (artifact id: '2608580fd85dcb36657764d2a1892403') in 0.016518 seconds 
AssetImportWorkerClient::OnTransportError - code=2 error=End of file
